Log file open, 07/23/19 21:25:26
LogWindows: Failed to load 'aqProf.dll' (GetLastError=126)
LogWindows: File 'aqProf.dll' does not exist
LogWindows: Failed to load 'VtuneApi.dll' (GetLastError=126)
LogWindows: File 'VtuneApi.dll' does not exist
LogWindows: Failed to load 'VtuneApi32e.dll' (GetLastError=126)
LogWindows: File 'VtuneApi32e.dll' does not exist
LogInit: Display: Running engine for game: 後期アンリアル
LogPlatformFile: Not using cached read wrapper
LogTaskGraph: Started task graph with 5 named threads and 23 total threads with 3 sets of task threads.
LogStats: Stats thread started at 0.315748
LogD3D11RHI: Loaded GFSDK_Aftermath_Lib.x64.dll
LogICUInternationalization: Display: ICU TimeZone Detection - Raw Offset: +9:00, Platform Override: ''
LogPluginManager: Mounting plugin Paper2D
LogPluginManager: Mounting plugin AISupport
LogPluginManager: Mounting plugin LightPropagationVolume
LogPluginManager: Mounting plugin CLionSourceCodeAccess
LogPluginManager: Mounting plugin CodeLiteSourceCodeAccess
LogPluginManager: Mounting plugin GitSourceControl
LogPluginManager: Mounting plugin KDevelopSourceCodeAccess
LogPluginManager: Mounting plugin NullSourceCodeAccess
LogPluginManager: Mounting plugin PerforceSourceControl
LogPluginManager: Mounting plugin SubversionSourceControl
LogPluginManager: Mounting plugin UObjectPlugin
LogPluginManager: Mounting plugin VisualStudioCodeSourceCodeAccess
LogPluginManager: Mounting plugin VisualStudioSourceCodeAccess
LogPluginManager: Mounting plugin XCodeSourceCodeAccess
LogPluginManager: Mounting plugin AssetManagerEditor
LogPluginManager: Mounting plugin CryptoKeys
LogPluginManager: Mounting plugin DataValidation
LogPluginManager: Mounting plugin FacialAnimation
LogPluginManager: Mounting plugin GameplayTagsEditor
LogPluginManager: Mounting plugin MacGraphicsSwitching
LogPluginManager: Mounting plugin MeshEditor
LogPluginManager: Mounting plugin MobileLauncherProfileWizard
LogPluginManager: Mounting plugin PluginBrowser
LogPluginManager: Mounting plugin SpeedTreeImporter
LogPluginManager: Mounting plugin DatasmithContent
LogPluginManager: Mounting plugin AlembicImporter
LogPluginManager: Mounting plugin AppleImageUtils
LogPluginManager: Mounting plugin AppleVision
LogPluginManager: Mounting plugin BackChannel
LogPluginManager: Mounting plugin CharacterAI
LogPluginManager: Mounting plugin GeometryCache
LogPluginManager: Mounting plugin HTML5Networking
LogPluginManager: Mounting plugin ProxyLODPlugin
LogPluginManager: Mounting plugin MagicLeap
LogPluginManager: Mounting plugin MagicLeapEmulator
LogPluginManager: Mounting plugin MagicLeapMedia
LogPluginManager: Mounting plugin AndroidMedia
LogPluginManager: Mounting plugin AvfMedia
LogPluginManager: Mounting plugin ImgMedia
LogPluginManager: Mounting plugin LinearTimecode
LogPluginManager: Mounting plugin MediaCompositing
LogPluginManager: Mounting plugin MediaPlayerEditor
LogPluginManager: Mounting plugin WmfMedia
LogPluginManager: Mounting plugin TcpMessaging
LogPluginManager: Mounting plugin UdpMessaging
LogPluginManager: Mounting plugin ActorSequence
LogPluginManager: Mounting plugin LevelSequenceEditor
LogPluginManager: Mounting plugin MatineeToLevelSequence
LogPluginManager: Mounting plugin NetcodeUnitTest
LogPluginManager: Mounting plugin NUTUnrealEngine4
LogPluginManager: Mounting plugin OnlineSubsystemGooglePlay
LogPluginManager: Mounting plugin OnlineSubsystemIOS
LogPluginManager: Mounting plugin OnlineSubsystem
LogPluginManager: Mounting plugin OnlineSubsystemNull
LogPluginManager: Mounting plugin OnlineSubsystemUtils
LogPluginManager: Mounting plugin LauncherChunkInstaller
LogPluginManager: Mounting plugin AndroidDeviceProfileSelector
LogPluginManager: Mounting plugin AndroidMoviePlayer
LogPluginManager: Mounting plugin AndroidPermission
LogPluginManager: Mounting plugin AppleMoviePlayer
LogPluginManager: Mounting plugin ArchVisCharacter
LogPluginManager: Mounting plugin AudioCapture
LogPluginManager: Mounting plugin CableComponent
LogPluginManager: Mounting plugin CustomMeshComponent
LogPluginManager: Mounting plugin EditableMesh
LogPluginManager: Mounting plugin ExampleDeviceProfileSelector
LogPluginManager: Mounting plugin GoogleCloudMessaging
LogPluginManager: Mounting plugin ImmediatePhysics
LogPluginManager: Mounting plugin IOSDeviceProfileSelector
LogPluginManager: Mounting plugin LinuxDeviceProfileSelector
LogPluginManager: Mounting plugin LocationServicesBPLibrary
LogPluginManager: Mounting plugin MobilePatchingUtils
LogPluginManager: Mounting plugin OculusVR
LogPluginManager: Plugin shader directory ../../../Engine/Plugins/Runtime/Oculus/OculusVR/Shaders found
LogPluginManager: Mapping shader source directory ../../../Engine/Plugins/Runtime/Oculus/OculusVR/Shaders to virtual directory /Plugin/OculusVR
LogPluginManager: Mounting plugin PhysXVehicles
LogPluginManager: Mounting plugin ProceduralMeshComponent
LogPluginManager: Mounting plugin RuntimePhysXCooking
LogPluginManager: Mounting plugin SteamVR
LogPluginManager: Mounting plugin WindowsMoviePlayer
LogStreaming: Display: Took  0.301s to configure plugins.
LogInit: Using libcurl 7.55.1-DEV
LogInit:  - built for x86_64-pc-win32
LogInit:  - supports SSL with OpenSSL/1.0.2h
LogInit:  - supports HTTP deflate (compression) using libz 1.2.8
LogInit:  - other features:
LogInit:      CURL_VERSION_SSL
LogInit:      CURL_VERSION_LIBZ
LogInit:      CURL_VERSION_IPV6
LogInit:      CURL_VERSION_ASYNCHDNS
LogInit:      CURL_VERSION_LARGEFILE
LogInit:      CURL_VERSION_IDN
LogInit:  CurlRequestOptions (configurable via config and command line):
LogInit:  - bVerifyPeer = false  - Libcurl will NOT verify peer certificate
LogInit:  - bUseHttpProxy = false  - Libcurl will NOT use HTTP proxy
LogInit:  - bDontReuseConnections = false  - Libcurl will reuse connections
LogInit:  - CertBundlePath = nullptr  - Libcurl will use whatever was configured at build time.
LogInit:  - MaxHostConnections = 16  - Libcurl will limit the number of connections to a host
LogInit:  - LocalHostAddr = Default
LogInit:  - BufferSize = 65536
LogInit: WinSock: version 1.1 (2.2), MaxSocks=32767, MaxUdp=65467
LogInit: Build: ++UE4+Release-4.20-CL-4369336
LogInit: Engine Version: 4.20.3-4369336+++UE4+Release-4.20
LogInit: Compatible Engine Version: 4.20.0-4212847+++UE4+Release-4.20
LogInit: Net CL: 4212847
LogInit: OS: Windows 10 (), CPU: Intel(R) Core(TM) i7-7700HQ CPU @ 2.80GHz, GPU: Intel(R) HD Graphics 630
LogInit: Compiled (64-bit): Sep 17 2018 12:26:19
LogInit: Compiled with Visual C++: 19.13.26129.00
LogInit: Build Configuration: Development
LogInit: Branch Name: ++UE4+Release-4.20
LogInit: Command Line: -EpicPortal  -epiclocale=ja-JP
LogInit: Base Directory: C:/Program Files/Epic Games/UE_4.20/Engine/Binaries/Win64/
LogInit: Installed Engine Build: 1
LogDevObjectVersion: Number of dev versions registered: 20
LogDevObjectVersion:   Dev-Blueprints (B0D832E4-1F89-4F0D-ACCF-7EB736FD4AA2): 10
LogDevObjectVersion:   Dev-Build (E1C64328-A22C-4D53-A36C-8E866417BD8C): 0
LogDevObjectVersion:   Dev-Core (375EC13C-06E4-48FB-B500-84F0262A717E): 2
LogDevObjectVersion:   Dev-Editor (E4B068ED-F494-42E9-A231-DA0B2E46BB41): 24
LogDevObjectVersion:   Dev-Framework (CFFC743F-43B0-4480-9391-14DF171D2073): 34
LogDevObjectVersion:   Dev-Mobile (B02B49B5-BB20-44E9-A304-32B752E40360): 2
LogDevObjectVersion:   Dev-Networking (A4E4105C-59A1-49B5-A7C5-40C4547EDFEE): 0
LogDevObjectVersion:   Dev-Online (39C831C9-5AE6-47DC-9A44-9C173E1C8E7C): 0
LogDevObjectVersion:   Dev-Physics (78F01B33-EBEA-4F98-B9B4-84EACCB95AA2): 0
LogDevObjectVersion:   Dev-Platform (6631380F-2D4D-43E0-8009-CF276956A95A): 0
LogDevObjectVersion:   Dev-Rendering (12F88B9F-8875-4AFC-A67C-D90C383ABD29): 26
LogDevObjectVersion:   Dev-Sequencer (7B5AE74C-D270-4C10-A958-57980B212A5A): 9
LogDevObjectVersion:   Dev-VR (D7296918-1DD6-4BDD-9DE2-64A83CC13884): 2
LogDevObjectVersion:   Dev-LoadTimes (C2A15278-BFE7-4AFE-6C17-90FF531DF755): 1
LogDevObjectVersion:   Private-Geometry (6EACA3D4-40EC-4CC1-B786-8BED09428FC5): 3
LogDevObjectVersion:   Dev-AnimPhys (29E575DD-E0A3-4627-9D10-D276232CDCEA): 17
LogDevObjectVersion:   Dev-ReflectionCapture (6B266CEC-1EC7-4B8F-A30B-E4D90942FC07): 1
LogDevObjectVersion:   Dev-Automation (0DF73D61-A23F-47EA-B727-89E90C41499A): 1
LogDevObjectVersion:   FortniteMain (601D1886-AC64-4F84-AA16-D3DE0DEAC7D6): 12
LogDevObjectVersion:   Dev-Enterprise (9DFFBCD6-494F-0158-E221-12823C92A888): 1
LogStreaming: Display: Took  0.001s to delete old logs.
LogInit: Presizing for max 8388607 objects, including 0 objects not considered by GC, pre-allocating 0 bytes for permanent pool.
LogInit: Object subsystem initialized
[2019.07.23-12.25.27:267][  0]LogInit: Selected Device Profile: [Windows]
[2019.07.23-12.25.27:267][  0]LogInit: Applying CVar settings loaded from the selected device profile: [Windows]
[2019.07.23-12.25.27:282][  0]LogHAL: Display: Platform has ~ 8 GB [8469790720 / 8589934592 / 8], which maps to Default [LargestMinGB=32, LargerMinGB=12, DefaultMinGB=8, SmallerMinGB=6, SmallestMinGB=0)
[2019.07.23-12.25.27:282][  0]LogInit: Setting Device Profile CVar: [[r.Vulkan.UseRealUBs:1]]
[2019.07.23-12.25.27:282][  0]LogInit: Going up to parent DeviceProfile []
[2019.07.23-12.25.27:282][  0]LogInit: Computer: S-JOBI17-046
[2019.07.23-12.25.27:282][  0]LogInit: User: game135
[2019.07.23-12.25.27:282][  0]LogInit: CPU Page size=4096, Cores=4
[2019.07.23-12.25.27:282][  0]LogInit: High frequency timer resolution =2.742192 MHz
[2019.07.23-12.25.27:283][  0]LogMemory: Memory total: Physical=7.9GB (8GB approx)
[2019.07.23-12.25.27:283][  0]LogMemory: Platform Memory Stats for Windows
[2019.07.23-12.25.27:283][  0]LogMemory: Process Physical Memory: 100.91 MB used, 100.91 MB peak
[2019.07.23-12.25.27:283][  0]LogMemory: Process Virtual Memory: 89.46 MB used, 89.46 MB peak
[2019.07.23-12.25.27:283][  0]LogMemory: Physical Memory: 4576.06 MB used,  3501.36 MB free, 8077.42 MB total
[2019.07.23-12.25.27:283][  0]LogMemory: Virtual Memory: 4643.96 MB used,  3501.36 MB free, 134217728.00 MB total
[2019.07.23-12.25.27:369][  0]LogInit: Using OS detected language (ja-JP).
[2019.07.23-12.25.27:369][  0]LogInit: Using OS detected locale (ja-JP).
[2019.07.23-12.25.27:371][  0]LogTextLocalizationManager: No specific localization for 'ja-JP' exists, so the 'ja' localization will be used.
[2019.07.23-12.25.27:624][  0]LogStreaming: Display: Took  0.256s to InitEngineTextLocalization.
[2019.07.23-12.25.27:626][  0]LogInit: Setting process to per monitor DPI aware
[2019.07.23-12.25.27:674][  0]LogSlate: New Slate User Created.  User Index 0, Is Virtual User: 0
[2019.07.23-12.25.27:674][  0]LogSlate: Slate User Registered.  User Index 0, Is Virtual User: 0
[2019.07.23-12.25.28:196][  0]LogHMD: Failed to initialize OpenVR with code 110
[2019.07.23-12.25.28:196][  0]LogD3D11RHI: D3D11 adapters:
[2019.07.23-12.25.28:766][  0]LogD3D11RHI:    0. 'NVIDIA GeForce GTX 1060' (Feature Level 11_0)
[2019.07.23-12.25.28:766][  0]LogD3D11RHI:       6052/0/4038 MB DedicatedVideo/DedicatedSystem/SharedSystem, Outputs:1, VendorId:0x10de
[2019.07.23-12.25.28:800][  0]LogD3D11RHI:    1. 'Intel(R) HD Graphics 630' (Feature Level 11_0)
[2019.07.23-12.25.28:800][  0]LogD3D11RHI:       128/0/4038 MB DedicatedVideo/DedicatedSystem/SharedSystem, Outputs:0, VendorId:0x8086
[2019.07.23-12.25.28:805][  0]LogD3D11RHI:    2. 'Microsoft Basic Render Driver' (Feature Level 11_0)
[2019.07.23-12.25.28:805][  0]LogD3D11RHI:       0/0/4038 MB DedicatedVideo/DedicatedSystem/SharedSystem, Outputs:0, VendorId:0x1414
[2019.07.23-12.25.28:805][  0]LogD3D11RHI: Chosen D3D11 Adapter: 0
[2019.07.23-12.25.28:855][  0]LogD3D11RHI: Creating new Direct3DDevice
[2019.07.23-12.25.28:855][  0]LogD3D11RHI:     GPU DeviceId: 0x1c20 (for the marketing name, search the web for "GPU Device Id")
[2019.07.23-12.25.28:855][  0]LogWindows: EnumDisplayDevices:
[2019.07.23-12.25.28:855][  0]LogWindows:    0. 'Intel(R) HD Graphics 630' (P:1 D:1)
[2019.07.23-12.25.28:856][  0]LogWindows:    1. 'Intel(R) HD Graphics 630' (P:0 D:0)
[2019.07.23-12.25.28:856][  0]LogWindows:    2. 'Intel(R) HD Graphics 630' (P:0 D:0)
[2019.07.23-12.25.28:857][  0]LogWindows:    3. 'NVIDIA GeForce GTX 1060' (P:0 D:0)
[2019.07.23-12.25.28:858][  0]LogWindows:    4. 'NVIDIA GeForce GTX 1060' (P:0 D:0)
[2019.07.23-12.25.28:858][  0]LogWindows:    5. 'NVIDIA GeForce GTX 1060' (P:0 D:0)
[2019.07.23-12.25.28:859][  0]LogWindows:    6. 'NVIDIA GeForce GTX 1060' (P:0 D:0)
[2019.07.23-12.25.28:859][  0]LogWindows: DebugString: PrimaryIsNotTheChoosenAdapter PrimaryIsNotTheChoosenAdapter PrimaryIsNotTheChoosenAdapter FoundDriverCount:4 
[2019.07.23-12.25.28:859][  0]LogD3D11RHI:     Adapter Name: NVIDIA GeForce GTX 1060
[2019.07.23-12.25.28:859][  0]LogD3D11RHI:   Driver Version: 399.01 (internal:24.21.13.9901, unified:399.01)
[2019.07.23-12.25.28:859][  0]LogD3D11RHI:      Driver Date: 8-13-2018
[2019.07.23-12.25.28:859][  0]LogRHI: Texture pool is 4236 MB (70% of 6052 MB)
[2019.07.23-12.25.28:936][  0]LogD3D11RHI: Async texture creation enabled
[2019.07.23-12.25.28:955][  0]LogD3D11RHI: GPU Timing Frequency: 1000.000000 (Debug: 2 2)
[2019.07.23-12.25.28:967][  0]LogShaderCompilers: Guid format shader working directory is -14 characters bigger than the processId version (../../../../../../Users/game135/Desktop/チームA/US4/チームアンリアルエンジン/Intermediate/Shaders/WorkingDirectory/20852/).
[2019.07.23-12.25.28:967][  0]LogShaderCompilers: Cleaned the shader compiler working directory 'C:/Users/game135/AppData/Local/Temp/UnrealShaderWorkingDir/3B6486EC4FD94CF4663882AA6CD68661/'.
[2019.07.23-12.25.29:426][  0]LogTemp: Display: Loaded TP AllDesktopTargetPlatform
[2019.07.23-12.25.29:448][  0]LogTemp: Display: Loaded TP MacClientTargetPlatform
[2019.07.23-12.25.29:469][  0]LogTemp: Display: Loaded TP MacNoEditorTargetPlatform
[2019.07.23-12.25.29:490][  0]LogTemp: Display: Loaded TP MacServerTargetPlatform
[2019.07.23-12.25.29:513][  0]LogTemp: Display: Loaded TP MacTargetPlatform
[2019.07.23-12.25.29:537][  0]LogTemp: Display: Loaded TP WindowsClientTargetPlatform
[2019.07.23-12.25.29:558][  0]LogTemp: Display: Loaded TP WindowsNoEditorTargetPlatform
[2019.07.23-12.25.29:576][  0]LogTemp: Display: Loaded TP WindowsServerTargetPlatform
[2019.07.23-12.25.29:585][  0]LogTemp: Display: Loaded TP WindowsTargetPlatform
[2019.07.23-12.25.29:689][  0]LogTemp: Display: Loaded TP AndroidTargetPlatform
[2019.07.23-12.25.29:689][  0]LogTemp: Display: Loaded TP AndroidTargetPlatform
[2019.07.23-12.25.29:689][  0]LogTemp: Display: Loaded TP AndroidTargetPlatform
[2019.07.23-12.25.29:689][  0]LogTemp: Display: Loaded TP AndroidTargetPlatform
[2019.07.23-12.25.29:689][  0]LogTemp: Display: Loaded TP AndroidTargetPlatform
[2019.07.23-12.25.29:689][  0]LogTemp: Display: Loaded TP AndroidTargetPlatform
[2019.07.23-12.25.29:689][  0]LogTemp: Display: Loaded TP AndroidTargetPlatform
[2019.07.23-12.25.29:689][  0]LogTemp: Display: Loaded TP AndroidTargetPlatform
[2019.07.23-12.25.29:689][  0]LogTemp: Display: Loaded TP AndroidTargetPlatform
[2019.07.23-12.25.29:689][  0]LogTemp: Display: Loaded TP AndroidTargetPlatform
[2019.07.23-12.25.29:689][  0]LogTemp: Display: Loaded TP AndroidTargetPlatform
[2019.07.23-12.25.29:689][  0]LogTemp: Display: Loaded TP AndroidTargetPlatform
[2019.07.23-12.25.29:689][  0]LogTemp: Display: Loaded TP AndroidTargetPlatform
[2019.07.23-12.25.29:689][  0]LogTemp: Display: Loaded TP AndroidTargetPlatform
[2019.07.23-12.25.29:689][  0]LogTemp: Display: Loaded TP AndroidTargetPlatform
[2019.07.23-12.25.29:689][  0]LogTemp: Display: Loaded TP AndroidTargetPlatform
[2019.07.23-12.25.29:689][  0]LogTemp: Display: Loaded TP AndroidTargetPlatform
[2019.07.23-12.25.29:689][  0]LogTemp: Display: Loaded TP AndroidTargetPlatform
[2019.07.23-12.25.29:694][  0]LogTemp: Display: Loaded TP HTML5TargetPlatform
[2019.07.23-12.25.29:767][  0]LogTemp: Display: Loaded TP IOSTargetPlatform
[2019.07.23-12.25.29:767][  0]LogTemp: Display: Loaded TP IOSTargetPlatform
[2019.07.23-12.25.29:827][  0]LogTemp: Display: Loaded TP TVOSTargetPlatform
[2019.07.23-12.25.29:827][  0]LogTemp: Display: Loaded TP TVOSTargetPlatform
[2019.07.23-12.25.29:848][  0]LogTemp: Display: Loaded TP LinuxClientTargetPlatform
[2019.07.23-12.25.29:866][  0]LogTemp: Display: Loaded TP LinuxNoEditorTargetPlatform
[2019.07.23-12.25.29:881][  0]LogTemp: Display: Loaded TP LinuxServerTargetPlatform
[2019.07.23-12.25.29:897][  0]LogTemp: Display: Loaded TP LinuxTargetPlatform
[2019.07.23-12.25.29:908][  0]LogTemp: Display: Loaded TP LuminTargetPlatform
[2019.07.23-12.25.29:908][  0]LogTargetPlatformManager: Display: Building Assets For Windows
[2019.07.23-12.25.30:014][  0]LogXGEController: Cannot use XGE Controller as Incredibuild is not installed on this machine.
[2019.07.23-12.25.30:014][  0]LogShaderCompilers: Cannot use XGE Shader Compiler as Incredibuild is not installed on this machine.
[2019.07.23-12.25.30:014][  0]LogShaderCompilers: Display: Using Local Shader Compiler.
[2019.07.23-12.25.30:976][  0]LogDerivedDataCache: Display: Max Cache Size: 512 MB
[2019.07.23-12.25.31:032][  0]LogDerivedDataCache: Loaded boot cache 0.06s 71MB C:/Users/game135/AppData/Local/UnrealEngine/4.20/DerivedDataCache/Boot.ddc.
[2019.07.23-12.25.31:032][  0]LogDerivedDataCache: Display: Loaded Boot cache: C:/Users/game135/AppData/Local/UnrealEngine/4.20/DerivedDataCache/Boot.ddc
[2019.07.23-12.25.31:032][  0]LogDerivedDataCache: FDerivedDataBackendGraph:  Pak pak cache file ../../../../../../Users/game135/Desktop/チームA/US4/チームアンリアルエンジン/DerivedDataCache/DDC.ddp not found, will not use a pak cache.
[2019.07.23-12.25.31:032][  0]LogDerivedDataCache: Unable to find inner node Pak for hierarchical cache Hierarchy.
[2019.07.23-12.25.31:032][  0]LogDerivedDataCache: FDerivedDataBackendGraph:  CompressedPak pak cache file ../../../../../../Users/game135/Desktop/チームA/US4/チームアンリアルエンジン/DerivedDataCache/Compressed.ddp not found, will not use a pak cache.
[2019.07.23-12.25.31:032][  0]LogDerivedDataCache: Unable to find inner node CompressedPak for hierarchical cache Hierarchy.
[2019.07.23-12.25.31:047][  0]LogDerivedDataCache: Display: Pak cache opened for reading ../../../Engine/DerivedDataCache/Compressed.ddp.
[2019.07.23-12.25.31:061][  0]LogDerivedDataCache: Using Local data cache path C:/Users/game135/AppData/Local/UnrealEngine/Common/DerivedDataCache: Writable
[2019.07.23-12.25.31:061][  0]LogDerivedDataCache: Shared data cache path not found in *engine.ini, will not use an Shared cache.
[2019.07.23-12.25.31:061][  0]LogDerivedDataCache: Unable to find inner node Shared for hierarchical cache Hierarchy.
[2019.07.23-12.25.31:084][  0]LogMaterial: Verifying Global Shaders for PCD3D_SM5
[2019.07.23-12.25.31:087][  0]LogSlate: Using FreeType 2.6.0
[2019.07.23-12.25.31:091][  0]LogSlate: SlateFontServices - WITH_FREETYPE: 1, WITH_HARFBUZZ: 1
[2019.07.23-12.25.31:359][  0]LogAssetRegistry: FAssetRegistry took 0.0403 seconds to start up
[2019.07.23-12.25.31:818][  0]LogInit: Selected Device Profile: [Windows]
[2019.07.23-12.25.31:919][  0]LogSimplygon: Simplygon DLL not present - disabling.
[2019.07.23-12.25.31:929][  0]LogMeshReduction: Using SimplygonSwarm for distributed automatic mesh merging
[2019.07.23-12.25.31:929][  0]LogMeshReduction: Using ProxyLODMeshReduction for automatic mesh merging
[2019.07.23-12.25.31:929][  0]LogMeshReduction: Using QuadricMeshReduction for automatic static mesh reduction
[2019.07.23-12.25.31:929][  0]LogMeshReduction: No automatic skeletal mesh reduction module available
[2019.07.23-12.25.32:057][  0]LogNetVersion: 後期アンリアル 1.0.0, NetCL: 4212847, EngineNetVer: 5, GameNetVer: 0 (Checksum: 3920549190)
[2019.07.23-12.25.33:122][  0]LogPackageLocalizationCache: Processed 11 localized package path(s) for 2 prioritized culture(s) in 0.233057 seconds
[2019.07.23-12.25.33:135][  0]LogUObjectArray: 38425 objects as part of root set at end of initial load.
[2019.07.23-12.25.33:135][  0]LogUObjectAllocator: 6690864 out of 0 bytes used by permanent object pool.
[2019.07.23-12.25.33:135][  0]LogUObjectArray: CloseDisregardForGC: 0/0 objects in disregard for GC pool
[2019.07.23-12.25.35:241][  0]LogTcpMessaging: Initializing TcpMessaging bridge
[2019.07.23-12.25.35:259][  0]LogUdpMessaging: Initializing bridge on interface 0.0.0.0:0 to multicast group 230.0.0.1:6666.
[2019.07.23-12.25.35:542][  0]SourceControl: ソースコントロールは無効です
[2019.07.23-12.25.35:542][  0]SourceControl: ソースコントロールは無効です
[2019.07.23-12.25.35:548][  0]SourceControl: ソースコントロールは無効です
[2019.07.23-12.25.35:553][  0]SourceControl: ソースコントロールは無効です
[2019.07.23-12.25.35:908][  0]LogAndroidPermission: UAndroidPermissionCallbackProxy::GetInstance
[2019.07.23-12.25.36:014][  0]LogOcInput: OculusInput pre-init called
[2019.07.23-12.25.36:144][  0]LogEngine: Initializing Engine...
[2019.07.23-12.25.36:147][  0]LogHMD: Failed to initialize OpenVR with code 110
[2019.07.23-12.25.36:151][  0]LogStats: UGameplayTagsManager::ConstructGameplayTagTree: ImportINI prefixes -  0.000 s
[2019.07.23-12.25.36:151][  0]LogStats: UGameplayTagsManager::ConstructGameplayTagTree: Construct from data asset -  0.000 s
[2019.07.23-12.25.36:152][  0]LogStats: UGameplayTagsManager::ConstructGameplayTagTree: ImportINI -  0.000 s
[2019.07.23-12.25.36:152][  0]LogStats: UGameplayTagsManager::ConstructGameplayTagTree: GameplayTagTreeChangedEvent.Broadcast -  0.000 s
[2019.07.23-12.25.36:479][  0]LogInit: Initializing FReadOnlyCVARCache
[2019.07.23-12.25.36:500][  0]LogAIModule: Creating AISystem for world Untitled
[2019.07.23-12.25.36:570][  0]LogInit: XAudio2 using 'スピーカー (Realtek High Definition Audio)' : 2 channels at 48 kHz using 32 bits per sample (channel mask 0x3)
[2019.07.23-12.25.36:952][  0]LogInit: FAudioDevice initialized.
[2019.07.23-12.25.36:953][  0]LogNetVersion: Set ProjectVersion to 1.0.0.0. Version Checksum will be recalculated on next use.
[2019.07.23-12.25.37:127][  0]LogDerivedDataCache: Saved boot cache 0.17s 71MB C:/Users/game135/AppData/Local/UnrealEngine/4.20/DerivedDataCache/Boot.ddc.
[2019.07.23-12.25.37:137][  0]LogInit: Texture streaming: Enabled
[2019.07.23-12.25.37:170][  0]LogEngineSessionManager: EngineSessionManager initialized
[2019.07.23-12.25.37:192][  0]LogInit: Transaction tracking system initialized
[2019.07.23-12.25.37:237][  0]BlueprintLog: New page: エディタの読み込み
[2019.07.23-12.25.37:461][  0]LocalizationService: ローカライズのサービスが無効になりました
[2019.07.23-12.25.38:080][  0]LogCook: Display: Max memory allowance for cook 16384mb min free memory 0mb
[2019.07.23-12.25.38:080][  0]LogCook: Display: Mobile HDR setting 1
[2019.07.23-12.25.38:080][  0]LogGameplayTags: Display: UGameplayTagsManager::DoneAddingNativeTags. DelegateIsBound: 0
[2019.07.23-12.25.38:080][  0]LogStats: UGameplayTagsManager::ConstructGameplayTagTree: ImportINI prefixes -  0.000 s
[2019.07.23-12.25.38:080][  0]LogStats: UGameplayTagsManager::ConstructGameplayTagTree: Construct from data asset -  0.000 s
[2019.07.23-12.25.38:081][  0]LogStats: UGameplayTagsManager::ConstructGameplayTagTree: ImportINI -  0.000 s
[2019.07.23-12.25.38:081][  0]LogStats: UGameplayTagsManager::ConstructGameplayTagTree: GameplayTagTreeChangedEvent.Broadcast -  0.000 s
[2019.07.23-12.25.38:215][  0]LogFileCache: Scanning file cache for directory 'C:/Users/game135/Desktop/チームA/US4/チームアンリアルエンジン/Content/' took 0.02s
[2019.07.23-12.25.38:324][  0]SourceControl: ソースコントロールは無効です
[2019.07.23-12.25.38:324][  0]Cmd: MAP LOAD FILE="../../../../../../Users/game135/Desktop/チームA/US4/チームアンリアルエンジン/Content/TITLE.umap" TEMPLATE=0 SHOWPROGRESS=1 FEATURELEVEL=3
[2019.07.23-12.25.38:325][  0]LightingResults: New page: ライティングのビルド
[2019.07.23-12.25.38:330][  0]MapCheck: New page: マップをチェック
[2019.07.23-12.25.38:330][  0]LightingResults: New page: <何も選択されていません>
[2019.07.23-12.25.38:500][  0]LogAIModule: Creating AISystem for world TITLE
[2019.07.23-12.25.38:504][  0]LogEditorServer: Finished looking for orphan Actors (0.000 secs)
[2019.07.23-12.25.38:529][  0]Cmd: MAP CHECKDEP NOCLEARLOG
[2019.07.23-12.25.38:793][  0]MapCheck: マップチェックが完了: 0 エラー、 0 警告、完了に 264.406ミリ秒かかりました。
[2019.07.23-12.25.38:793][  0]LogFileHelpers: Loading map 'TITLE' took 0.470
[2019.07.23-12.25.39:047][  0]LogSlate: Updating window title bar state: overlay mode, drag disabled, window buttons hidden, title bar hidden
[2019.07.23-12.25.39:065][  0]LogSlate: Updating window title bar state: overlay mode, drag disabled, window buttons hidden, title bar hidden
[2019.07.23-12.25.39:077][  0]LogSlate: Updating window title bar state: overlay mode, drag disabled, window buttons hidden, title bar hidden
[2019.07.23-12.25.39:090][  0]LogSlate: Updating window title bar state: overlay mode, drag disabled, window buttons hidden, title bar hidden
[2019.07.23-12.25.39:122][  0]LogCollectionManager: Loaded 0 collections in 0.003222 seconds
[2019.07.23-12.25.39:192][  0]LogFileCache: Scanning file cache for directory 'C:/Users/game135/Desktop/チームA/US4/チームアンリアルエンジン/Saved/Collections/' took 0.01s
[2019.07.23-12.25.39:192][  0]LogFileCache: Scanning file cache for directory 'C:/Users/game135/Desktop/チームA/US4/チームアンリアルエンジン/Content/Developers/game135/Collections/' took 0.01s
[2019.07.23-12.25.39:192][  0]LogFileCache: Scanning file cache for directory 'C:/Users/game135/Desktop/チームA/US4/チームアンリアルエンジン/Content/Collections/' took 0.01s
[2019.07.23-12.25.39:192][  0]LogCollectionManager: Rebuilt the GUID cache for 0 collections in 0.000000 seconds
[2019.07.23-12.25.39:206][  0]LogContentBrowser: Native class hierarchy populated in 0.0135 seconds. Added 2572 classes and 603 folders.
[2019.07.23-12.25.39:227][  0]LogContentBrowser: Native class hierarchy updated for 'WidgetCarousel' in 0.0003 seconds. Added 0 classes and 0 folders.
[2019.07.23-12.25.39:525][  0]LogContentBrowser: Native class hierarchy updated for 'AddContentDialog' in 0.0003 seconds. Added 0 classes and 0 folders.
[2019.07.23-12.25.39:552][  0]LogContentBrowser: Native class hierarchy updated for 'SceneOutliner' in 0.0006 seconds. Added 1 classes and 2 folders.
[2019.07.23-12.25.39:759][  0]LogSlate: Took 0.000697 seconds to synchronously load lazily loaded font '../../../Engine/Content/Slate/Fonts/Roboto-Regular.ttf' (155K)
[2019.07.23-12.25.39:760][  0]LogSlate: Took 0.001096 seconds to synchronously load lazily loaded font '../../../Engine/Content/Editor/Slate/Fonts/GenEiGothicPro-Regular.otf' (707K)
[2019.07.23-12.25.39:765][  0]LogSlate: Took 0.001518 seconds to synchronously load lazily loaded font '../../../Engine/Content/Editor/Slate/Fonts/GenEiGothicPro-Bold.otf' (698K)
[2019.07.23-12.25.39:766][  0]LogSlate: Took 0.000950 seconds to synchronously load lazily loaded font '../../../Engine/Content/Slate/Fonts/Roboto-Bold.ttf' (160K)
[2019.07.23-12.25.39:776][  0]LogSlate: Took 0.001958 seconds to synchronously load lazily loaded font '../../../Engine/Content/Editor/Slate/Fonts/FontAwesome.ttf' (139K)
[2019.07.23-12.25.39:900][  0]LogRenderer: Reallocating scene render targets to support 940x464 Format 10 NumSamples 1 (Frame:1).
[2019.07.23-12.25.39:966][  0]LogSlate: Took 0.001975 seconds to synchronously load lazily loaded font '../../../Engine/Content/Slate/Fonts/Roboto-Light.ttf' (167K)
[2019.07.23-12.25.40:147][  0]LogContentBrowser: Native class hierarchy updated for 'HierarchicalLODOutliner' in 0.0003 seconds. Added 0 classes and 0 folders.
[2019.07.23-12.25.40:147][  0]LogLoad: (Engine Initialization) Total time: 16.40 seconds
[2019.07.23-12.25.40:147][  0]LogLoad: (Engine Initialization) Total Blueprint compile time: 0.00 seconds
[2019.07.23-12.25.40:172][  0]LogWindowsTextInputMethodSystem: Display: IME system now activated using TSF (Microsoft IME).
[2019.07.23-12.25.40:203][  0]LogContentStreaming: Texture pool size now 1000 MB
[2019.07.23-12.25.40:283][  1]LogAssetRegistry: Asset discovery search completed in 8.9471 seconds
[2019.07.23-12.25.40:285][  1]LogCollectionManager: Rebuilt the object cache for 0 collections in 0.000000 seconds (found 0 objects)
[2019.07.23-12.25.40:285][  1]LogCollectionManager: Fixed up redirectors for 0 collections in 0.000066 seconds (updated 0 objects)
[2019.07.23-12.25.44:343][191]LogSlate: FSceneViewport::OnFocusLost() reason 0
[2019.07.23-12.25.44:497][200]LogSlate: Took 0.000366 seconds to synchronously load lazily loaded font '../../../Engine/Content/Slate/Fonts/Roboto-Light.ttf' (167K)
[2019.07.23-12.25.44:505][200]LogSlate: Took 0.006965 seconds to synchronously load lazily loaded font '../../../Engine/Content/Editor/Slate/Fonts/GenEiGothicPro-Light.otf' (713K)
[2019.07.23-12.25.45:456][200]LogTexture: Display: Building textures: effect000 (AutoDXT, 80X80)
[2019.07.23-12.25.45:456][200]LogMaterial: Display: Missing cached shader map for material M_Hit, compiling. 
[2019.07.23-12.25.45:859][200]LogShaderCompilers: Display: Shaders left to compile 87
[2019.07.23-12.25.45:860][200]LogShaderCompilers: Display: Shaders left to compile 77
[2019.07.23-12.25.45:860][200]LogShaderCompilers: Display: Shaders left to compile 67
[2019.07.23-12.25.45:860][200]LogShaderCompilers: Display: Shaders left to compile 57
[2019.07.23-12.25.46:018][200]LogMaterial: Display: Missing cached shader map for material pasted__blinn1, compiling. 
[2019.07.23-12.25.46:050][200]LogMaterial: Display: Missing cached shader map for material blinn1, compiling. 
[2019.07.23-12.25.46:065][200]LogMaterial: Display: Missing cached shader map for material lambert1, compiling. 
[2019.07.23-12.25.46:149][200]LogAIModule: Creating AISystem for world Stage1
[2019.07.23-12.25.46:212][200]LogAssetEditorManager: Opening Asset editor for World /Game/Stage1.Stage1
[2019.07.23-12.25.46:247][200]Cmd: MAP LOAD FILE="../../../../../../Users/game135/Desktop/チームA/US4/チームアンリアルエンジン/Content/Stage1.umap" TEMPLATE=0 SHOWPROGRESS=1 FEATURELEVEL=3
[2019.07.23-12.25.46:247][200]LightingResults: New page: ライティングのビルド
[2019.07.23-12.25.46:248][200]LoadErrors: New page: マップをロード中: Stage1.umap
[2019.07.23-12.25.46:250][200]MapCheck: New page: マップをチェック
[2019.07.23-12.25.46:250][200]LightingResults: New page: <何も選択されていません>
[2019.07.23-12.25.46:415][200]LogEditorServer: Finished looking for orphan Actors (0.000 secs)
[2019.07.23-12.25.46:493][200]Cmd: MAP CHECKDEP NOCLEARLOG
[2019.07.23-12.25.46:904][200]MapCheck: マップチェックが完了: 0 エラー、 0 警告、完了に 410.647ミリ秒かかりました。
[2019.07.23-12.25.46:906][200]LogFileHelpers: Loading map 'Stage1' took 0.662
[2019.07.23-12.25.51:903][480]LogShaderCompilers: Display: Shaders left to compile 178
[2019.07.23-12.25.53:320][562]LogShaderCompilers: Display: Shaders left to compile 168
[2019.07.23-12.25.53:677][583]LogShaderCompilers: Display: Shaders left to compile 158
[2019.07.23-12.25.54:525][634]LogShaderCompilers: Display: Shaders left to compile 148
[2019.07.23-12.25.54:581][637]LogSlate: FSceneViewport::OnFocusLost() reason 0
[2019.07.23-12.25.59:248][913]LogTemp: Repeating last play command: 選択ビューポート
[2019.07.23-12.25.59:294][913]LogBlueprintUserMessages: Early PlayInEditor Detection: Level '/Game/Stage1.Stage1:PersistentLevel' has LevelScriptBlueprint '/Game/Stage1.Stage1:PersistentLevel.Stage1' with GeneratedClass '/Game/Stage1.Stage1_C' with ClassGeneratedBy '/Game/Stage1.Stage1:PersistentLevel.Stage1'
[2019.07.23-12.25.59:295][913]LogPlayLevel: PlayLevel: No blueprints needed recompiling
[2019.07.23-12.25.59:314][913]PIE: New page: PIEセッション: Stage1 (2019/07/24 6:25:59)
[2019.07.23-12.25.59:315][913]LogPlayLevel: Creating play world package: /Game/UEDPIE_0_Stage1
[2019.07.23-12.25.59:331][913]LogPlayLevel: PIE: StaticDuplicateObject took: (0.016552s)
[2019.07.23-12.25.59:333][913]LogAIModule: Creating AISystem for world Stage1
[2019.07.23-12.25.59:334][913]LogPlayLevel: PIE: World Init took: (0.002024s)
[2019.07.23-12.25.59:335][913]LogPlayLevel: PIE: Created PIE world by copying editor world from /Game/Stage1.Stage1 to /Game/UEDPIE_0_Stage1.Stage1 (0.019165s)
[2019.07.23-12.25.59:375][913]LogInit: XAudio2 using 'スピーカー (Realtek High Definition Audio)' : 2 channels at 48 kHz using 32 bits per sample (channel mask 0x3)
[2019.07.23-12.25.59:426][913]LogInit: FAudioDevice initialized.
[2019.07.23-12.25.59:487][913]LogLoad: Game class is 'BP_GAMEMODE_END_C'
[2019.07.23-12.25.59:501][913]LogWorld: Bringing World /Game/UEDPIE_0_Stage1.Stage1 up for play (max tick rate 60) at 2019.07.23-21.25.59
[2019.07.23-12.25.59:522][913]LogWorld: Bringing up level for play took: 0.026813
[2019.07.23-12.25.59:560][913]LogContentBrowser: Native class hierarchy updated for 'MovieSceneCapture' in 0.0013 seconds. Added 10 classes and 0 folders.
[2019.07.23-12.25.59:567][913]PIE: /Game/UEDPIE_0_Stage1 0.24のプレイ イン エディタの開始時間
[2019.07.23-12.25.59:567][913]LogBlueprintUserMessages: Late PlayInEditor Detection: Level '/Game/Stage1.Stage1:PersistentLevel' has LevelScriptBlueprint '/Game/Stage1.Stage1:PersistentLevel.Stage1' with GeneratedClass '/Game/Stage1.Stage1_C' with ClassGeneratedBy '/Game/Stage1.Stage1:PersistentLevel.Stage1'
[2019.07.23-12.25.59:979][916]LogShaderCompilers: Display: Shaders left to compile 138
[2019.07.23-12.26.00:116][924]LogShaderCompilers: Display: Shaders left to compile 128
[2019.07.23-12.26.00:625][954]LogShaderCompilers: Display: Shaders left to compile 118
[2019.07.23-12.26.01:969][ 34]LogShaderCompilers: Display: Shaders left to compile 108
[2019.07.23-12.26.04:117][162]LogShaderCompilers: Display: Shaders left to compile 98
[2019.07.23-12.26.05:565][246]LogShaderCompilers: Display: Shaders left to compile 88
[2019.07.23-12.26.05:815][261]LogShaderCompilers: Display: Shaders left to compile 78
[2019.07.23-12.26.06:289][289]LogShaderCompilers: Display: Shaders left to compile 68
[2019.07.23-12.26.07:441][353]LogAIModule: Creating AISystem for world TITLE
[2019.07.23-12.26.07:442][353]LogAssetEditorManager: Opening Asset editor for World /Game/TITLE.TITLE
[2019.07.23-12.26.08:812][353]LogShaderCompilers: Display: Shaders left to compile 58
[2019.07.23-12.26.08:897][353]LogShaderCompilers: Display: Shaders left to compile 48
[2019.07.23-12.26.10:004][353]LogSlate: Window 'メッセージ' being destroyed
[2019.07.23-12.26.10:012][353]LogBlueprintUserMessages: Early EndPlayMap Detection: Level '/Game/Stage1.Stage1:PersistentLevel' has LevelScriptBlueprint '/Game/Stage1.Stage1:PersistentLevel.Stage1' with GeneratedClass '/Game/Stage1.Stage1_C' with ClassGeneratedBy '/Game/Stage1.Stage1:PersistentLevel.Stage1'
[2019.07.23-12.26.10:014][353]LogSlate: Updating window title bar state: overlay mode, drag disabled, window buttons hidden, title bar hidden
[2019.07.23-12.26.10:053][353]LogPlayLevel: Display: Shutting down PIE online subsystems
[2019.07.23-12.26.10:054][353]LogBlueprintUserMessages: Late EndPlayMap Detection: Level '/Game/Stage1.Stage1:PersistentLevel' has LevelScriptBlueprint '/Game/Stage1.Stage1:PersistentLevel.Stage1' with GeneratedClass '/Game/Stage1.Stage1_C' with ClassGeneratedBy '/Game/Stage1.Stage1:PersistentLevel.Stage1'
[2019.07.23-12.26.10:087][353]LogSlate: Updating window title bar state: overlay mode, drag disabled, window buttons hidden, title bar hidden
[2019.07.23-12.26.10:098][353]Cmd: MAP LOAD FILE="../../../../../../Users/game135/Desktop/チームA/US4/チームアンリアルエンジン/Content/TITLE.umap" TEMPLATE=0 SHOWPROGRESS=1 FEATURELEVEL=3
[2019.07.23-12.26.10:138][353]LightingResults: New page: ライティングのビルド
[2019.07.23-12.26.10:140][353]LoadErrors: New page: マップをロード中: TITLE.umap
[2019.07.23-12.26.10:143][353]MapCheck: New page: マップをチェック
[2019.07.23-12.26.10:143][353]LightingResults: New page: <何も選択されていません>
[2019.07.23-12.26.10:302][353]LogEditorServer: Finished looking for orphan Actors (0.000 secs)
[2019.07.23-12.26.10:415][353]Cmd: MAP CHECKDEP NOCLEARLOG
[2019.07.23-12.26.10:828][353]MapCheck: マップチェックが完了: 0 エラー、 0 警告、完了に 412.354ミリ秒かかりました。
[2019.07.23-12.26.10:828][353]LogFileHelpers: Loading map 'TITLE' took 3.361
[2019.07.23-12.26.10:941][354]LogPlayLevel: Display: Destroying online subsystem :Context_1
[2019.07.23-12.26.11:215][371]LogShaderCompilers: Display: Shaders left to compile 38
[2019.07.23-12.26.12:661][457]LogShaderCompilers: Display: Shaders left to compile 28
[2019.07.23-12.26.12:698][459]LogTemp: Repeating last play command: 選択ビューポート
[2019.07.23-12.26.12:725][459]LogBlueprintUserMessages: Early PlayInEditor Detection: Level '/Game/TITLE.TITLE:PersistentLevel' has LevelScriptBlueprint '/Game/TITLE.TITLE:PersistentLevel.TITLE' with GeneratedClass '/Game/TITLE.TITLE_C' with ClassGeneratedBy '/Game/TITLE.TITLE:PersistentLevel.TITLE'
[2019.07.23-12.26.12:726][459]LogPlayLevel: PlayLevel: No blueprints needed recompiling
[2019.07.23-12.26.12:726][459]PIE: New page: PIEセッション: TITLE (2019/07/24 6:26:12)
[2019.07.23-12.26.12:727][459]LogPlayLevel: Creating play world package: /Game/UEDPIE_0_TITLE
[2019.07.23-12.26.12:729][459]LogPlayLevel: PIE: StaticDuplicateObject took: (0.002433s)
[2019.07.23-12.26.12:730][459]LogAIModule: Creating AISystem for world TITLE
[2019.07.23-12.26.12:730][459]LogPlayLevel: PIE: World Init took: (0.001031s)
[2019.07.23-12.26.12:730][459]LogPlayLevel: PIE: Created PIE world by copying editor world from /Game/TITLE.TITLE to /Game/UEDPIE_0_TITLE.TITLE (0.003653s)
[2019.07.23-12.26.12:765][459]LogInit: XAudio2 using 'スピーカー (Realtek High Definition Audio)' : 2 channels at 48 kHz using 32 bits per sample (channel mask 0x3)
[2019.07.23-12.26.12:810][459]LogInit: FAudioDevice initialized.
[2019.07.23-12.26.12:854][459]LogLoad: Game class is 'BP_GAMEMODE_END_C'
[2019.07.23-12.26.12:855][459]LogWorld: Bringing World /Game/UEDPIE_0_TITLE.TITLE up for play (max tick rate 60) at 2019.07.23-21.26.12
[2019.07.23-12.26.12:855][459]LogWorld: Bringing up level for play took: 0.000634
[2019.07.23-12.26.12:886][459]PIE: /Game/UEDPIE_0_TITLE -0.441のプレイ イン エディタの開始時間
[2019.07.23-12.26.12:886][459]LogBlueprintUserMessages: Late PlayInEditor Detection: Level '/Game/TITLE.TITLE:PersistentLevel' has LevelScriptBlueprint '/Game/TITLE.TITLE:PersistentLevel.TITLE' with GeneratedClass '/Game/TITLE.TITLE_C' with ClassGeneratedBy '/Game/TITLE.TITLE:PersistentLevel.TITLE'
[2019.07.23-12.26.12:891][459]LogAudio: Warning: Detected orphaned looping sound 'bgm_start'.
[2019.07.23-12.26.13:316][483]LogShaderCompilers: Display: Shaders left to compile 18
[2019.07.23-12.26.14:479][552]PIE: Warning: The widget 'BP_Title_C' was already added to the screen.
[2019.07.23-12.26.15:483][612]LogNet: Browse: /Game/Main
[2019.07.23-12.26.15:485][612]LogLoad: LoadMap: /Game/Main
[2019.07.23-12.26.16:033][612]LogShaderCompilers: Display: Shaders left to compile 8
[2019.07.23-12.26.16:535][612]LogAIModule: Creating AISystem for world Main
[2019.07.23-12.26.16:535][612]LogLoad: Game class is 'BP_GAMEMODE_C'
[2019.07.23-12.26.16:553][612]LogWorld: Bringing World /Game/UEDPIE_0_Main.Main up for play (max tick rate 60) at 2019.07.23-21.26.16
[2019.07.23-12.26.16:553][612]LogWorld: Bringing up level for play took: 0.015988
[2019.07.23-12.26.16:554][612]LogGameMode: FindPlayerStart: PATHS NOT DEFINED or NO PLAYERSTART with positive rating
[2019.07.23-12.26.16:561][612]LogBlueprintUserMessages: [BP_Player_C_0] Create Dynamic Materia Instance
[2019.07.23-12.26.16:565][612]LogLevel: ActivateLevel /Game/UEDPIE_0_Stage1 1 1 1
[2019.07.23-12.26.16:565][612]LogBlueprintUserMessages: [BP_Player_C_0] Set Material Instance Dynamic
[2019.07.23-12.26.16:566][612]LogLoad: Took 1.081553 seconds to LoadMap(/Game/Main)
[2019.07.23-12.26.16:594][612]LogStreaming: Display: ULevelStreaming::RequestLevel(/Game/UEDPIE_0_Stage1) is flushing async loading
[2019.07.23-12.26.16:594][612]LogStreaming: Display: Flushing async loaders.
[2019.07.23-12.26.21:940][901]LogCharacterMovement: BP_Player_C_0 is stuck and failed to move! Velocity: X=-24.14 Y=-24.14 Z=0.00 Location: X=340.68 Y=-410.77 Z=42.56 Normal: X=-0.71 Y=0.71 Z=0.00 PenetrationDepth:0.568 Actor:BP_Skeleton2_2 Component:StaticMesh BoneName:None (0 other events since notify)
[2019.07.23-12.26.23:638][999]LogBlueprintUserMessages: [BP_Player_C_0] fadeout
[2019.07.23-12.26.31:638][476]LogBlueprintUserMessages: [BP_goal_122] Hello
[2019.07.23-12.26.31:638][476]LogLevel: ActivateLevel /Game/UEDPIE_0_Stage1 0 0 0
[2019.07.23-12.26.31:703][477]LogLevel: ActivateLevel /Game/UEDPIE_0_Stage2 1 1 1
[2019.07.23-12.26.31:704][477]LogStreaming: Display: ULevelStreaming::RequestLevel(/Game/UEDPIE_0_Stage2) is flushing async loading
[2019.07.23-12.26.31:704][477]LogStreaming: Display: Flushing async loaders.
[2019.07.23-12.26.31:813][477]LogAudioDerivedData: Display: 圧縮オーディオ フォーマット OGG ウェーブ bgm_game をビルド中...
[2019.07.23-12.26.32:053][477]LogTemp: Couldn't find amount to resample to.
[2019.07.23-12.26.34:567][477]LogAudioDerivedData: Display: Updated SoundWave->RawPCMDataSize from 0 to 12671860 while cooking SoundWave /Game/Resource/sound/bgm_game.bgm_game.
[2019.07.23-12.26.37:117][626]LogBlueprintUserMessages: Early EndPlayMap Detection: Level '/Game/TITLE.TITLE:PersistentLevel' has LevelScriptBlueprint '/Game/TITLE.TITLE:PersistentLevel.TITLE' with GeneratedClass '/Game/TITLE.TITLE_C' with ClassGeneratedBy '/Game/TITLE.TITLE:PersistentLevel.TITLE'
[2019.07.23-12.26.37:117][626]LogSlate: Updating window title bar state: overlay mode, drag disabled, window buttons hidden, title bar hidden
[2019.07.23-12.26.37:158][626]LogPlayLevel: Display: Shutting down PIE online subsystems
[2019.07.23-12.26.37:158][626]LogBlueprintUserMessages: Late EndPlayMap Detection: Level '/Game/TITLE.TITLE:PersistentLevel' has LevelScriptBlueprint '/Game/TITLE.TITLE:PersistentLevel.TITLE' with GeneratedClass '/Game/TITLE.TITLE_C' with ClassGeneratedBy '/Game/TITLE.TITLE:PersistentLevel.TITLE'
[2019.07.23-12.26.37:203][626]LogSlate: Updating window title bar state: overlay mode, drag disabled, window buttons hidden, title bar hidden
[2019.07.23-12.26.37:241][627]LogPlayLevel: Display: Destroying online subsystem :Context_2
[2019.07.23-12.26.47:620][181]LogSlate: Window 'メッセージ ログ' being destroyed
[2019.07.23-12.26.47:625][181]LogSlate: Window 'メッセージ ログ' being destroyed
[2019.07.23-12.26.49:815][304]LogSlate: Window '後期アンリアル - Unreal Editor' being destroyed
[2019.07.23-12.26.49:819][304]LogWindowsTextInputMethodSystem: Display: IME system now activated using TSF (Microsoft IME).
[2019.07.23-12.26.50:027][305]Cmd: QUIT_EDITOR
[2019.07.23-12.26.50:318][305]LogExit: Preparing to exit.
[2019.07.23-12.26.51:374][305]LogExit: Editor shut down
[2019.07.23-12.26.51:374][305]LogExit: Transaction tracking system shut down
[2019.07.23-12.26.51:974][305]LogExit: Object subsystem successfully closed.
[2019.07.23-12.26.51:985][305]LogShaderCompilers: Display: Shaders left to compile 0
[2019.07.23-12.26.51:988][305]LogD3D11RHI: Shutdown
[2019.07.23-12.26.51:988][305]LogD3D11RHI: CleanupD3DDevice
[2019.07.23-12.26.51:995][305]LogD3D11RHI: ~FD3D11DynamicRHI
[2019.07.23-12.26.52:160][305]LogModuleManager: Shutting down and abandoning module MovieSceneCapture (614)
[2019.07.23-12.26.52:160][305]LogModuleManager: Shutting down and abandoning module Voice (612)
[2019.07.23-12.26.52:162][305]LogModuleManager: Shutting down and abandoning module HierarchicalLODOutliner (610)
[2019.07.23-12.26.52:162][305]LogModuleManager: Shutting down and abandoning module SceneOutliner (608)
[2019.07.23-12.26.52:162][305]LogModuleManager: Shutting down and abandoning module AddContentDialog (606)
[2019.07.23-12.26.52:177][305]LogModuleManager: Shutting down and abandoning module WidgetCarousel (605)
[2019.07.23-12.26.52:178][305]LogModuleManager: Shutting down and abandoning module EditorWidgets (602)
[2019.07.23-12.26.52:178][305]LogModuleManager: Shutting down and abandoning module CollectionManager (600)
[2019.07.23-12.26.52:178][305]LogModuleManager: Shutting down and abandoning module StatsViewer (598)
[2019.07.23-12.26.52:178][305]LogModuleManager: Shutting down and abandoning module FoliageEdit (596)
[2019.07.23-12.26.52:178][305]LogModuleManager: Shutting down and abandoning module LandscapeEditor (594)
[2019.07.23-12.26.52:179][305]LogModuleManager: Shutting down and abandoning module MeshPaintMode (592)
[2019.07.23-12.26.52:179][305]LogModuleManager: Shutting down and abandoning module SceneDepthPickerMode (590)
[2019.07.23-12.26.52:179][305]LogModuleManager: Shutting down and abandoning module ActorPickerMode (588)
[2019.07.23-12.26.52:179][305]LogModuleManager: Shutting down and abandoning module GeometryMode (586)
[2019.07.23-12.26.52:179][305]LogModuleManager: Shutting down and abandoning module TextureAlignMode (584)
[2019.07.23-12.26.52:179][305]LogModuleManager: Shutting down and abandoning module BspMode (582)
[2019.07.23-12.26.52:179][305]LogModuleManager: Shutting down and abandoning module PIEPreviewDeviceProfileSelector (580)
[2019.07.23-12.26.52:179][305]LogModuleManager: Shutting down and abandoning module SequenceRecorderSections (578)
[2019.07.23-12.26.52:179][305]LogModuleManager: Shutting down and abandoning module AutomationWorker (576)
[2019.07.23-12.26.52:179][305]LogModuleManager: Shutting down and abandoning module AudioCaptureEditor (574)
[2019.07.23-12.26.52:179][305]LogModuleManager: Shutting down and abandoning module SequenceRecorder (573)
[2019.07.23-12.26.52:179][305]LogModuleManager: Shutting down and abandoning module MatineeToLevelSequence (570)
[2019.07.23-12.26.52:179][305]LogModuleManager: Shutting down and abandoning module LevelSequenceEditor (568)
[2019.07.23-12.26.52:179][305]LogModuleManager: Shutting down and abandoning module PlacementMode (567)
[2019.07.23-12.26.52:179][305]LogModuleManager: Shutting down and abandoning module MaterialEditor (566)
[2019.07.23-12.26.52:179][305]LogModuleManager: Shutting down and abandoning module WmfMediaFactory (562)
[2019.07.23-12.26.52:179][305]LogModuleManager: Shutting down and abandoning module WmfMediaEditor (560)
[2019.07.23-12.26.52:180][305]LogModuleManager: Shutting down and abandoning module MediaPlayerEditor (558)
[2019.07.23-12.26.52:180][305]LogModuleManager: Shutting down and abandoning module OpenExrWrapper (556)
[2019.07.23-12.26.52:180][305]LogModuleManager: Shutting down and abandoning module ImgMediaFactory (554)
[2019.07.23-12.26.52:180][305]LogModuleManager: Shutting down and abandoning module ImgMediaEditor (552)
[2019.07.23-12.26.52:180][305]LogModuleManager: Shutting down and abandoning module AvfMediaFactory (550)
[2019.07.23-12.26.52:180][305]LogModuleManager: Shutting down and abandoning module AvfMediaEditor (548)
[2019.07.23-12.26.52:180][305]LogModuleManager: Shutting down and abandoning module AndroidMediaFactory (546)
[2019.07.23-12.26.52:180][305]LogModuleManager: Shutting down and abandoning module AndroidMediaEditor (544)
[2019.07.23-12.26.52:180][305]LogModuleManager: Shutting down and abandoning module MagicLeapCameraPreviewFactory (542)
[2019.07.23-12.26.52:180][305]LogModuleManager: Shutting down and abandoning module MagicLeapMediaFactory (540)
[2019.07.23-12.26.52:180][305]LogModuleManager: Shutting down and abandoning module MagicLeapMediaEditor (538)
[2019.07.23-12.26.52:180][305]LogModuleManager: Shutting down and abandoning module CharacterAI (536)
[2019.07.23-12.26.52:180][305]LogModuleManager: Shutting down and abandoning module SmartSnapping (534)
[2019.07.23-12.26.52:180][305]LogModuleManager: Shutting down and abandoning module SessionServices (532)
[2019.07.23-12.26.52:181][305]LogModuleManager: Shutting down and abandoning module ViewportSnapping (530)
[2019.07.23-12.26.52:181][305]LogModuleManager: Shutting down and abandoning module ViewportInteraction (528)
[2019.07.23-12.26.52:181][305]LogModuleManager: Shutting down and abandoning module ClothPainter (526)
[2019.07.23-12.26.52:181][305]LogModuleManager: Shutting down and abandoning module SkeletalMeshEditor (525)
[2019.07.23-12.26.52:181][305]LogModuleManager: Shutting down and abandoning module LogVisualizer (522)
[2019.07.23-12.26.52:181][305]LogModuleManager: Shutting down and abandoning module IntroTutorials (520)
[2019.07.23-12.26.52:181][305]LogModuleManager: Shutting down and abandoning module GameProjectGeneration (519)
[2019.07.23-12.26.52:182][305]LogModuleManager: Shutting down and abandoning module LuminPlatformEditor (516)
[2019.07.23-12.26.52:182][305]LogModuleManager: Shutting down and abandoning module IOSPlatformEditor (514)
[2019.07.23-12.26.52:182][305]LogModuleManager: Shutting down and abandoning module HTML5PlatformEditor (512)
[2019.07.23-12.26.52:182][305]LogModuleManager: Shutting down and abandoning module AndroidPlatformEditor (510)
[2019.07.23-12.26.52:182][305]LogModuleManager: Shutting down and abandoning module AndroidDeviceDetection (509)
[2019.07.23-12.26.52:619][305]LogModuleManager: Shutting down and abandoning module WindowsPlatformEditor (506)
[2019.07.23-12.26.52:619][305]LogModuleManager: Shutting down and abandoning module LuminRuntimeSettings (504)
[2019.07.23-12.26.52:619][305]LogModuleManager: Shutting down and abandoning module IOSRuntimeSettings (502)
[2019.07.23-12.26.52:619][305]LogModuleManager: Shutting down and abandoning module AndroidRuntimeSettings (500)
[2019.07.23-12.26.52:619][305]LogModuleManager: Shutting down and abandoning module InputBindingEditor (498)
[2019.07.23-12.26.52:619][305]LogModuleManager: Shutting down and abandoning module MergeActors (496)
[2019.07.23-12.26.52:619][305]LogModuleManager: Shutting down and abandoning module LocalizationDashboard (494)
[2019.07.23-12.26.52:620][305]LogModuleManager: Shutting down and abandoning module LocalizationService (493)
[2019.07.23-12.26.52:620][305]LogModuleManager: Shutting down and abandoning module HardwareTargeting (490)
[2019.07.23-12.26.52:620][305]LogModuleManager: Shutting down and abandoning module DeviceProfileEditor (488)
[2019.07.23-12.26.52:620][305]LogModuleManager: Shutting down and abandoning module UndoHistory (486)
[2019.07.23-12.26.52:620][305]LogModuleManager: Shutting down and abandoning module XmlParser (484)
[2019.07.23-12.26.52:620][305]LogModuleManager: Shutting down and abandoning module Blutility (482)
[2019.07.23-12.26.52:620][305]LogModuleManager: Shutting down and abandoning module ProjectSettingsViewer (480)
[2019.07.23-12.26.52:620][305]LogModuleManager: Shutting down and abandoning module ProjectTargetPlatformEditor (479)
[2019.07.23-12.26.52:620][305]LogModuleManager: Shutting down and abandoning module EditorSettingsViewer (476)
[2019.07.23-12.26.52:621][305]LogModuleManager: Shutting down and abandoning module SettingsEditor (474)
[2019.07.23-12.26.52:621][305]LogModuleManager: Shutting down and abandoning module ProjectLauncher (472)
[2019.07.23-12.26.52:621][305]LogModuleManager: Shutting down and abandoning module SessionFrontend (470)
[2019.07.23-12.26.52:621][305]LogModuleManager: Shutting down and abandoning module ProfilerClient (468)
[2019.07.23-12.26.52:621][305]LogModuleManager: Shutting down and abandoning module DeviceManager (466)
[2019.07.23-12.26.52:621][305]LogModuleManager: Shutting down and abandoning module TargetDeviceServices (465)
[2019.07.23-12.26.52:675][305]LogModuleManager: Shutting down and abandoning module AutomationController (462)
[2019.07.23-12.26.52:675][305]LogModuleManager: Shutting down and abandoning module AutomationWindow (460)
[2019.07.23-12.26.52:675][305]LogModuleManager: Shutting down and abandoning module Layers (458)
[2019.07.23-12.26.52:675][305]LogModuleManager: Shutting down and abandoning module ComponentVisualizers (456)
[2019.07.23-12.26.52:675][305]LogModuleManager: Shutting down and abandoning module DetailCustomizations (454)
[2019.07.23-12.26.52:675][305]LogModuleManager: Shutting down and abandoning module PackagesDialog (452)
[2019.07.23-12.26.52:675][305]LogModuleManager: Shutting down and abandoning module Persona (450)
[2019.07.23-12.26.52:675][305]LogModuleManager: Shutting down and abandoning module AdvancedPreviewScene (449)
[2019.07.23-12.26.52:675][305]LogModuleManager: Shutting down and abandoning module AnimGraph (447)
[2019.07.23-12.26.52:675][305]LogModuleManager: Shutting down and abandoning module Kismet (444)
[2019.07.23-12.26.52:675][305]LogModuleManager: Shutting down and abandoning module GraphEditor (442)
[2019.07.23-12.26.52:676][305]LogModuleManager: Shutting down and abandoning module ClassViewer (440)
[2019.07.23-12.26.52:676][305]LogModuleManager: Shutting down and abandoning module Toolbox (438)
[2019.07.23-12.26.52:676][305]LogModuleManager: Shutting down and abandoning module ModuleUI (436)
[2019.07.23-12.26.52:676][305]LogModuleManager: Shutting down and abandoning module MovieSceneTools (434)
[2019.07.23-12.26.52:676][305]LogModuleManager: Shutting down and abandoning module OutputLog (432)
[2019.07.23-12.26.52:676][305]LogModuleManager: Shutting down and abandoning module GammaUI (430)
[2019.07.23-12.26.52:676][305]LogModuleManager: Shutting down and abandoning module Documentation (428)
[2019.07.23-12.26.52:676][305]LogModuleManager: Shutting down and abandoning module MovieSceneTracks (426)
[2019.07.23-12.26.52:676][305]LogModuleManager: Shutting down and abandoning module MovieScene (424)
[2019.07.23-12.26.52:676][305]LogModuleManager: Shutting down and abandoning module StreamingPauseRendering (422)
[2019.07.23-12.26.52:676][305]LogModuleManager: Shutting down and abandoning module LauncherPlatform (420)
[2019.07.23-12.26.52:676][305]LogModuleManager: Shutting down and abandoning module AnalyticsET (418)
[2019.07.23-12.26.52:676][305]LogModuleManager: Shutting down and abandoning module PortalServices (416)
[2019.07.23-12.26.52:676][305]LogModuleManager: Shutting down and abandoning module PortalRpc (414)
[2019.07.23-12.26.52:676][305]LogModuleManager: Shutting down and abandoning module MessagingRpc (412)
[2019.07.23-12.26.52:676][305]LogModuleManager: Shutting down and abandoning module AIModule (410)
[2019.07.23-12.26.52:676][305]LogModuleManager: Shutting down and abandoning module GameplayDebugger (409)
[2019.07.23-12.26.52:676][305]LogModuleManager: Shutting down and abandoning module AITestSuite (407)
[2019.07.23-12.26.52:676][305]LogModuleManager: Shutting down and abandoning module NavigationSystem (405)
[2019.07.23-12.26.52:676][305]LogModuleManager: Shutting down and abandoning module DesktopPlatform (402)
[2019.07.23-12.26.52:676][305]LogModuleManager: Shutting down and abandoning module ProfilerService (400)
[2019.07.23-12.26.52:692][305]LogModuleManager: Shutting down and abandoning module TaskGraph (398)
[2019.07.23-12.26.52:693][305]LogModuleManager: Shutting down and abandoning module SteamVRController (396)
[2019.07.23-12.26.52:693][305]LogModuleManager: Shutting down and abandoning module ProceduralMeshComponentEditor (394)
[2019.07.23-12.26.52:693][305]LogModuleManager: Shutting down and abandoning module ProceduralMeshComponent (392)
[2019.07.23-12.26.52:693][305]LogModuleManager: Shutting down and abandoning module OculusInput (390)
[2019.07.23-12.26.52:693][305]LogModuleManager: Shutting down and abandoning module MobilePatchingUtils (388)
[2019.07.23-12.26.52:693][305]LogModuleManager: Shutting down and abandoning module EditableMesh (386)
[2019.07.23-12.26.52:693][305]LogModuleManager: Shutting down and abandoning module CustomMeshComponent (384)
[2019.07.23-12.26.52:693][305]LogModuleManager: Shutting down and abandoning module CableComponent (382)
[2019.07.23-12.26.52:693][305]LogModuleManager: Shutting down and abandoning module AudioCapture (380)
[2019.07.23-12.26.52:693][305]LogModuleManager: Shutting down and abandoning module ArchVisCharacter (378)
[2019.07.23-12.26.52:693][305]LogModuleManager: Shutting down and abandoning module AndroidPermission (376)
[2019.07.23-12.26.52:693][305]LogModuleManager: Shutting down and abandoning module NUTUnrealEngine4 (374)
[2019.07.23-12.26.52:693][305]LogModuleManager: Shutting down and abandoning module NetcodeUnitTest (372)
[2019.07.23-12.26.52:693][305]LogModuleManager: Shutting down and abandoning module MediaCompositingEditor (370)
[2019.07.23-12.26.52:693][305]LogModuleManager: Shutting down and abandoning module MediaCompositing (368)
[2019.07.23-12.26.52:693][305]LogModuleManager: Shutting down and abandoning module LinearTimecode (366)
[2019.07.23-12.26.52:693][305]LogModuleManager: Shutting down and abandoning module ImgMedia (364)
[2019.07.23-12.26.52:699][305]LogModuleManager: Shutting down and abandoning module HTML5Networking (362)
[2019.07.23-12.26.52:699][305]LogModuleManager: Shutting down and abandoning module GeometryCacheTracks (360)
[2019.07.23-12.26.52:699][305]LogModuleManager: Shutting down and abandoning module GeometryCacheSequencer (358)
[2019.07.23-12.26.52:699][305]LogModuleManager: Shutting down and abandoning module BackChannel (356)
[2019.07.23-12.26.52:699][305]LogModuleManager: Shutting down and abandoning module AppleVision (354)
[2019.07.23-12.26.52:699][305]LogModuleManager: Shutting down and abandoning module AppleImageUtils (352)
[2019.07.23-12.26.52:699][305]LogModuleManager: Shutting down and abandoning module AlembicImporter (350)
[2019.07.23-12.26.52:699][305]LogModuleManager: Shutting down and abandoning module AlembicLibrary (349)
[2019.07.23-12.26.52:699][305]LogModuleManager: Shutting down and abandoning module GeometryCache (348)
[2019.07.23-12.26.52:699][305]LogModuleManager: Shutting down and abandoning module GeometryCacheEd (347)
[2019.07.23-12.26.52:699][305]LogModuleManager: Shutting down and abandoning module DatasmithContentEditor (342)
[2019.07.23-12.26.52:699][305]LogModuleManager: Shutting down and abandoning module DatasmithContent (340)
[2019.07.23-12.26.52:700][305]LogModuleManager: Shutting down and abandoning module SpeedTreeImporter (338)
[2019.07.23-12.26.52:700][305]LogModuleManager: Shutting down and abandoning module PluginBrowser (336)
[2019.07.23-12.26.52:700][305]LogModuleManager: Shutting down and abandoning module MobileLauncherProfileWizard (334)
[2019.07.23-12.26.52:700][305]LogModuleManager: Shutting down and abandoning module PolygonModeling (332)
[2019.07.23-12.26.52:700][305]LogModuleManager: Shutting down and abandoning module MeshEditor (330)
[2019.07.23-12.26.52:700][305]LogModuleManager: Shutting down and abandoning module CryptoKeysOpenSSL (328)
[2019.07.23-12.26.52:700][305]LogModuleManager: Shutting down and abandoning module CryptoKeys (326)
[2019.07.23-12.26.52:700][305]LogModuleManager: Shutting down and abandoning module VisualStudioSourceCodeAccess (324)
[2019.07.23-12.26.52:700][305]LogModuleManager: Shutting down and abandoning module VisualStudioCodeSourceCodeAccess (322)
[2019.07.23-12.26.52:700][305]LogModuleManager: Shutting down and abandoning module UObjectPlugin (320)
[2019.07.23-12.26.52:700][305]LogModuleManager: Shutting down and abandoning module SubversionSourceControl (318)
[2019.07.23-12.26.52:701][305]LogModuleManager: Shutting down and abandoning module PerforceSourceControl (316)
[2019.07.23-12.26.52:701][305]LogModuleManager: Shutting down and abandoning module GitSourceControl (314)
[2019.07.23-12.26.52:701][305]LogModuleManager: Shutting down and abandoning module SourceControl (313)
[2019.07.23-12.26.52:701][305]LogModuleManager: Shutting down and abandoning module CLionSourceCodeAccess (310)
[2019.07.23-12.26.52:701][305]LogModuleManager: Shutting down and abandoning module LightPropagationVolumeEditor (308)
[2019.07.23-12.26.52:701][305]LogModuleManager: Shutting down and abandoning module PaperTiledImporter (306)
[2019.07.23-12.26.52:701][305]LogModuleManager: Shutting down and abandoning module PaperSpriteSheetImporter (304)
[2019.07.23-12.26.52:701][305]LogModuleManager: Shutting down and abandoning module Paper2DEditor (302)
[2019.07.23-12.26.52:701][305]LogModuleManager: Shutting down and abandoning module MeshPaint (301)
[2019.07.23-12.26.52:701][305]LogModuleManager: Shutting down and abandoning module RuntimePhysXCooking (298)
[2019.07.23-12.26.52:701][305]LogModuleManager: Shutting down and abandoning module PhysXVehiclesEditor (296)
[2019.07.23-12.26.52:701][305]LogModuleManager: Shutting down and abandoning module PhysXVehicles (294)
[2019.07.23-12.26.52:701][305]LogModuleManager: Shutting down and abandoning module OculusEditor (292)
[2019.07.23-12.26.52:701][305]LogModuleManager: Shutting down and abandoning module LocationServicesBPLibrary (290)
[2019.07.23-12.26.52:701][305]LogModuleManager: Shutting down and abandoning module ImmediatePhysicsEditor (288)
[2019.07.23-12.26.52:701][305]LogModuleManager: Shutting down and abandoning module ImmediatePhysics (286)
[2019.07.23-12.26.52:701][305]LogModuleManager: Shutting down and abandoning module ActorSequence (284)
[2019.07.23-12.26.52:702][305]LogModuleManager: Shutting down and abandoning module UdpMessaging (282)
[2019.07.23-12.26.52:803][305]LogModuleManager: Shutting down and abandoning module TcpMessaging (280)
[2019.07.23-12.26.52:904][305]LogModuleManager: Shutting down and abandoning module MagicLeapAudio (278)
[2019.07.23-12.26.52:904][305]LogModuleManager: Shutting down and abandoning module GameplayTagsEditor (276)
[2019.07.23-12.26.52:904][305]LogModuleManager: Shutting down and abandoning module FacialAnimationEditor (274)
[2019.07.23-12.26.52:904][305]LogModuleManager: Shutting down and abandoning module FacialAnimation (272)
[2019.07.23-12.26.52:904][305]LogModuleManager: Shutting down and abandoning module DataValidation (270)
[2019.07.23-12.26.52:904][305]LogModuleManager: Shutting down and abandoning module AssetManagerEditor (268)
[2019.07.23-12.26.52:904][305]LogModuleManager: Shutting down and abandoning module LevelEditor (267)
[2019.07.23-12.26.52:905][305]LogModuleManager: Shutting down and abandoning module PixelInspectorModule (266)
[2019.07.23-12.26.52:905][305]LogModuleManager: Shutting down and abandoning module CommonMenuExtensions (264)
[2019.07.23-12.26.52:905][305]LogModuleManager: Shutting down and abandoning module MainFrame (262)
[2019.07.23-12.26.52:905][305]LogModuleManager: Shutting down and abandoning module HotReload (261)
[2019.07.23-12.26.52:907][305]LogModuleManager: Shutting down and abandoning module ContentBrowser (257)
[2019.07.23-12.26.52:907][305]LogModuleManager: Shutting down and abandoning module TreeMap (255)
[2019.07.23-12.26.52:907][305]LogModuleManager: Shutting down and abandoning module LightPropagationVolumeRuntime (252)
[2019.07.23-12.26.52:907][305]LogModuleManager: Shutting down and abandoning module AISupportModule (250)
[2019.07.23-12.26.52:907][305]LogModuleManager: Shutting down and abandoning module Paper2D (248)
[2019.07.23-12.26.52:908][305]LogModuleManager: Shutting down and abandoning module WindowsMoviePlayer (246)
[2019.07.23-12.26.52:908][305]LogModuleManager: Shutting down and abandoning module WmfMedia (244)
[2019.07.23-12.26.52:909][305]LogModuleManager: Shutting down and abandoning module Media (243)
[2019.07.23-12.26.52:915][305]LogModuleManager: Shutting down and abandoning module PacketHandler (240)
[2019.07.23-12.26.52:915][305]LogModuleManager: Shutting down and abandoning module ClothingSystemEditor (238)
[2019.07.23-12.26.52:916][305]LogModuleManager: Shutting down and abandoning module ClothingSystemRuntime (236)
[2019.07.23-12.26.52:916][305]LogModuleManager: Shutting down and abandoning module MediaAssets (234)
[2019.07.23-12.26.52:916][305]LogModuleManager: Shutting down and abandoning module Overlay (232)
[2019.07.23-12.26.52:916][305]LogModuleManager: Shutting down and abandoning module OverlayEditor (231)
[2019.07.23-12.26.52:916][305]LogModuleManager: Shutting down and abandoning module VREditor (228)
[2019.07.23-12.26.52:916][305]LogModuleManager: Shutting down and abandoning module StringTableEditor (226)
[2019.07.23-12.26.52:916][305]LogModuleManager: Shutting down and abandoning module GameplayTasksEditor (224)
[2019.07.23-12.26.52:916][305]LogModuleManager: Shutting down and abandoning module BehaviorTreeEditor (222)
[2019.07.23-12.26.52:916][305]LogModuleManager: Shutting down and abandoning module FunctionalTesting (220)
[2019.07.23-12.26.52:916][305]LogModuleManager: Shutting down and abandoning module CollisionAnalyzer (218)
[2019.07.23-12.26.52:916][305]LogModuleManager: Shutting down and abandoning module WorkspaceMenuStructure (217)
[2019.07.23-12.26.52:916][305]LogModuleManager: Shutting down and abandoning module UMG (214)
[2019.07.23-12.26.52:916][305]LogModuleManager: Shutting down and abandoning module UMGEditor (213)
[2019.07.23-12.26.52:916][305]LogModuleManager: Shutting down and abandoning module Sequencer (212)
[2019.07.23-12.26.52:916][305]LogModuleManager: Shutting down and abandoning module MessageLog (209)
[2019.07.23-12.26.52:916][305]LogModuleManager: Shutting down and abandoning module SlateReflector (204)
[2019.07.23-12.26.52:916][305]LogModuleManager: Shutting down and abandoning module Slate (202)
[2019.07.23-12.26.52:917][305]LogModuleManager: Shutting down and abandoning module EditorStyle (200)
[2019.07.23-12.26.52:919][305]LogModuleManager: Shutting down and abandoning module MRMesh (198)
[2019.07.23-12.26.52:919][305]LogModuleManager: Shutting down and abandoning module SourceCodeAccess (196)
[2019.07.23-12.26.52:919][305]LogModuleManager: Shutting down and abandoning module HeadMountedDisplay (194)
[2019.07.23-12.26.52:919][305]LogModuleManager: Shutting down and abandoning module XAudio2 (192)
[2019.07.23-12.26.52:919][305]LogModuleManager: Shutting down and abandoning module Networking (190)
[2019.07.23-12.26.52:919][305]LogModuleManager: Shutting down and abandoning module Core (188)
[2019.07.23-12.26.52:919][305]LogModuleManager: Shutting down and abandoning module LevelSequence (186)
[2019.07.23-12.26.52:919][305]LogModuleManager: Shutting down and abandoning module KismetCompiler (184)
[2019.07.23-12.26.52:919][305]LogModuleManager: Shutting down and abandoning module MeshUtilities (182)
[2019.07.23-12.26.52:919][305]LogModuleManager: Shutting down and abandoning module MeshMergeUtilities (181)
[2019.07.23-12.26.52:919][305]LogModuleManager: Shutting down and abandoning module MeshReductionInterface (180)
[2019.07.23-12.26.52:919][305]LogModuleManager: Shutting down and abandoning module SimplygonSwarm (179)
[2019.07.23-12.26.52:919][305]LogModuleManager: Shutting down and abandoning module ProxyLODMeshReduction (177)
[2019.07.23-12.26.52:919][305]LogModuleManager: Shutting down and abandoning module SimplygonMeshReduction (175)
[2019.07.23-12.26.52:919][305]LogModuleManager: Shutting down and abandoning module QuadricMeshReduction (173)
[2019.07.23-12.26.52:919][305]LogModuleManager: Shutting down and abandoning module MaterialBaking (169)
[2019.07.23-12.26.52:919][305]LogModuleManager: Shutting down and abandoning module DirectoryWatcher (165)
[2019.07.23-12.26.52:920][305]LogModuleManager: Shutting down and abandoning module DerivedDataCache (162)
[2019.07.23-12.26.53:151][305]LogDerivedDataCache: Shutdown
[2019.07.23-12.26.53:151][305]LogModuleManager: Shutting down and abandoning module XGEController (160)
[2019.07.23-12.26.53:151][305]LogModuleManager: Shutting down and abandoning module TargetPlatform (158)
[2019.07.23-12.26.53:151][305]LogModuleManager: Shutting down and abandoning module VulkanShaderFormat (157)
[2019.07.23-12.26.53:151][305]LogModuleManager: Shutting down and abandoning module ShaderFormatVectorVM (155)
[2019.07.23-12.26.53:151][305]LogModuleManager: Shutting down and abandoning module ShaderFormatOpenGL (153)
[2019.07.23-12.26.53:151][305]LogModuleManager: Shutting down and abandoning module ShaderFormatD3D (151)
[2019.07.23-12.26.53:151][305]LogModuleManager: Shutting down and abandoning module MetalShaderFormat (149)
[2019.07.23-12.26.53:151][305]LogModuleManager: Shutting down and abandoning module TextureFormatUncompressed (147)
[2019.07.23-12.26.53:151][305]LogModuleManager: Shutting down and abandoning module TextureFormatPVR (145)
[2019.07.23-12.26.53:151][305]LogModuleManager: Shutting down and abandoning module TextureFormatDXT (143)
[2019.07.23-12.26.53:151][305]LogModuleManager: Shutting down and abandoning module TextureFormatIntelISPCTexComp (141)
[2019.07.23-12.26.53:151][305]LogModuleManager: Shutting down and abandoning module TextureFormatASTC (139)
[2019.07.23-12.26.53:152][305]LogModuleManager: Shutting down and abandoning module ImageWrapper (138)
[2019.07.23-12.26.53:152][305]LogModuleManager: Shutting down and abandoning module TextureFormatAndroid (135)
[2019.07.23-12.26.53:152][305]LogModuleManager: Shutting down and abandoning module AudioFormatOpus (133)
[2019.07.23-12.26.53:152][305]LogModuleManager: Shutting down and abandoning module AudioFormatOgg (131)
[2019.07.23-12.26.53:152][305]LogModuleManager: Shutting down and abandoning module AudioFormatADPCM (129)
[2019.07.23-12.26.53:152][305]LogModuleManager: Shutting down and abandoning module LuminTargetPlatform (127)
[2019.07.23-12.26.53:152][305]LogModuleManager: Shutting down and abandoning module LinuxTargetPlatform (125)
[2019.07.23-12.26.53:153][305]LogModuleManager: Shutting down and abandoning module LinuxServerTargetPlatform (123)
[2019.07.23-12.26.53:153][305]LogModuleManager: Shutting down and abandoning module LinuxNoEditorTargetPlatform (121)
[2019.07.23-12.26.53:153][305]LogModuleManager: Shutting down and abandoning module LinuxClientTargetPlatform (119)
[2019.07.23-12.26.53:153][305]LogModuleManager: Shutting down and abandoning module TVOSTargetPlatform (117)
[2019.07.23-12.26.53:153][305]LogModuleManager: Shutting down and abandoning module Messaging (115)
[2019.07.23-12.26.53:153][305]LogModuleManager: Shutting down and abandoning module IOSTargetPlatform (113)
[2019.07.23-12.26.53:154][305]LogModuleManager: Shutting down and abandoning module HTML5TargetPlatform (111)
[2019.07.23-12.26.53:154][305]LogModuleManager: Shutting down and abandoning module AndroidTargetPlatform (109)
[2019.07.23-12.26.53:161][305]LogModuleManager: Shutting down and abandoning module WindowsTargetPlatform (107)
[2019.07.23-12.26.53:161][305]LogModuleManager: Shutting down and abandoning module WindowsServerTargetPlatform (105)
[2019.07.23-12.26.53:161][305]LogModuleManager: Shutting down and abandoning module WindowsNoEditorTargetPlatform (103)
[2019.07.23-12.26.53:161][305]LogModuleManager: Shutting down and abandoning module WindowsClientTargetPlatform (101)
[2019.07.23-12.26.53:161][305]LogModuleManager: Shutting down and abandoning module MacTargetPlatform (99)
[2019.07.23-12.26.53:161][305]LogModuleManager: Shutting down and abandoning module MacServerTargetPlatform (97)
[2019.07.23-12.26.53:161][305]LogModuleManager: Shutting down and abandoning module MacNoEditorTargetPlatform (95)
[2019.07.23-12.26.53:161][305]LogModuleManager: Shutting down and abandoning module MacClientTargetPlatform (93)
[2019.07.23-12.26.53:161][305]LogModuleManager: Shutting down and abandoning module AllDesktopTargetPlatform (91)
[2019.07.23-12.26.53:161][305]LogModuleManager: Shutting down and abandoning module InputCore (88)
[2019.07.23-12.26.53:161][305]LogModuleManager: Shutting down and abandoning module Settings (86)
[2019.07.23-12.26.53:161][305]LogModuleManager: Shutting down and abandoning module PhysXCooking (84)
[2019.07.23-12.26.53:161][305]LogModuleManager: Shutting down and abandoning module SteamVR (82)
[2019.07.23-12.26.53:161][305]LogModuleManager: Shutting down and abandoning module OculusHMD (80)
[2019.07.23-12.26.53:161][305]LogModuleManager: Shutting down and abandoning module ExampleDeviceProfileSelector (78)
[2019.07.23-12.26.53:161][305]LogModuleManager: Shutting down and abandoning module LauncherChunkInstaller (76)
[2019.07.23-12.26.53:161][305]LogModuleManager: Shutting down and abandoning module OnlineBlueprintSupport (74)
[2019.07.23-12.26.53:161][305]LogModuleManager: Shutting down and abandoning module OnlineSubsystem (70)
[2019.07.23-12.26.53:162][305]LogModuleManager: Shutting down and abandoning module XMPP (65)
[2019.07.23-12.26.53:162][305]LogModuleManager: Shutting down and abandoning module WebSockets (64)
[2019.07.23-12.26.53:194][305]LogModuleManager: Shutting down and abandoning module HTTP (61)
[2019.07.23-12.26.53:194][305]LogHttp: Display: Http module shutting down, but needs to wait on 1 outstanding Http requests:
[2019.07.23-12.26.53:194][305]LogHttp: Display: 	verb=[POST] url=[https://datarouter.ol.epicgames.com/datarouter/api/v1/public/data?SessionID=%7B9CE877D2-4377-D9DA-7B77-2C96BB236B59%7D&AppID=UEEditor.Rocket.Release&AppVersion=4.20.3-4369336%2B%2B%2BUE4%2BRelease-4.20&UserID=2489b2064717761af6084286c4519256%7C296e18e13b074fedbf4894a2e7d9a835%7Cd5c8d332-396f-4c6b-96a8-2a9fb16564e8&AppEnvironment=datacollector-binary&UploadType=eteventstream] status=Processing
[2019.07.23-12.26.53:216][305]LogModuleManager: Shutting down and abandoning module SSL (60)
[2019.07.23-12.26.53:217][305]LogModuleManager: Shutting down and abandoning module MagicLeapEmulator (56)
[2019.07.23-12.26.53:217][305]LogModuleManager: Shutting down and abandoning module MagicLeapPrivileges (54)
[2019.07.23-12.26.53:217][305]LogModuleManager: Shutting down and abandoning module MagicLeapIdentity (52)
[2019.07.23-12.26.53:217][305]LogModuleManager: Shutting down and abandoning module MagicLeapHelperVulkan (50)
[2019.07.23-12.26.53:217][305]LogModuleManager: Shutting down and abandoning module MagicLeapHelperOpenGL (48)
[2019.07.23-12.26.53:217][305]LogModuleManager: Shutting down and abandoning module MagicLeapSecureStorage (46)
[2019.07.23-12.26.53:217][305]LogModuleManager: Shutting down and abandoning module MagicLeapGestures (44)
[2019.07.23-12.26.53:217][305]LogModuleManager: Shutting down and abandoning module MagicLeapEyeTracker (42)
[2019.07.23-12.26.53:217][305]LogModuleManager: Shutting down and abandoning module MagicLeapController (40)
[2019.07.23-12.26.53:217][305]LogSlate: Slate User Destroyed.  User Index 0, Is Virtual User: 0
[2019.07.23-12.26.53:217][305]LogModuleManager: Shutting down and abandoning module MagicLeap (38)
[2019.07.23-12.26.53:217][305]LogModuleManager: Shutting down and abandoning module AnimationModifiers (36)
[2019.07.23-12.26.53:217][305]LogModuleManager: Shutting down and abandoning module PropertyEditor (35)
[2019.07.23-12.26.53:218][305]LogModuleManager: Shutting down and abandoning module AudioEditor (32)
[2019.07.23-12.26.53:218][305]LogModuleManager: Shutting down and abandoning module TextureCompressor (30)
[2019.07.23-12.26.53:218][305]LogModuleManager: Shutting down and abandoning module ShaderCore (28)
[2019.07.23-12.26.53:218][305]LogModuleManager: Shutting down and abandoning module Landscape (26)
[2019.07.23-12.26.53:218][305]LogModuleManager: Shutting down and abandoning module SlateRHIRenderer (24)
[2019.07.23-12.26.53:218][305]LogModuleManager: Shutting down and abandoning module OpenGLDrv (22)
[2019.07.23-12.26.53:218][305]LogModuleManager: Shutting down and abandoning module D3D11RHI (20)
[2019.07.23-12.26.53:218][305]LogModuleManager: Shutting down and abandoning module AnimGraphRuntime (18)
[2019.07.23-12.26.53:218][305]LogModuleManager: Shutting down and abandoning module Renderer (16)
[2019.07.23-12.26.53:218][305]LogModuleManager: Shutting down and abandoning module Engine (14)
[2019.07.23-12.26.53:218][305]LogModuleManager: Shutting down and abandoning module CoreUObject (12)
[2019.07.23-12.26.53:218][305]LogModuleManager: Shutting down and abandoning module NetworkFile (10)
[2019.07.23-12.26.53:218][305]LogModuleManager: Shutting down and abandoning module CookedIterativeFile (8)
[2019.07.23-12.26.53:219][305]LogModuleManager: Shutting down and abandoning module StreamingFile (6)
[2019.07.23-12.26.53:219][305]LogModuleManager: Shutting down and abandoning module SandboxFile (4)
[2019.07.23-12.26.53:219][305]LogModuleManager: Shutting down and abandoning module PakFile (2)
[2019.07.23-12.26.53:234][305]LogExit: Exiting.
[2019.07.23-12.26.53:242][305]Log file closed, 07/23/19 21:26:53
